<?xml version="1.0" encoding="UTF-8"?>
<!-- Generated by org.testng.reporters.JUnitReportReporter -->
<testsuite hostname="RW-LAP-014" failures="0" tests="1" name="tutorials.demo._02_Login" time="3.516" errors="0" timestamp="2024-02-14T18:11:39 IST" skipped="0">
  <testcase classname="tutorials.demo._02_Login" name="LoginWithValidCredentials" time="3.516"/>
</testsuite> <!-- tutorials.demo._02_Login -->
