<?xml version="1.0" encoding="UTF-8"?>
<!-- Generated by org.testng.reporters.JUnitReportReporter -->
<testsuite hostname="RW-LAP-014" failures="0" tests="5" name="Groups._02_Login" time="0.023" errors="0" timestamp="2024-04-04T15:25:22 IST" skipped="0">
  <testcase classname="Groups._02_Login" name="loginwithvalidcredentials" time="0.007"/>
  <testcase classname="Groups._02_Login" name="loginwithInvalidemail" time="0.006"/>
  <testcase classname="Groups._02_Login" name="loginwithInvalidpassword" time="0.003"/>
  <testcase classname="Groups._02_Login" name="loginwthInvalidcredentials" time="0.002"/>
  <testcase classname="Groups._02_Login" name="loginwithoutprovidingcredentials" time="0.005"/>
</testsuite> <!-- Groups._02_Login -->
