<?xml version="1.0" encoding="UTF-8"?>
<!-- Generated by org.testng.reporters.JUnitReportReporter -->
<testsuite hostname="RW-LAP-014" failures="0" tests="1" name="tutorials.demo._01_TestNG_Class" time="0.010" errors="0" timestamp="2024-02-16T16:00:06 IST" skipped="0">
  <testcase classname="tutorials.demo._01_TestNG_Class" name="sample" time="0.010"/>
</testsuite> <!-- tutorials.demo._01_TestNG_Class -->
