<?xml version="1.0" encoding="UTF-8"?>
<!-- Generated by org.testng.reporters.JUnitReportReporter -->
<testsuite hostname="RW-LAP-014" failures="0" tests="2" name="tutorials.demo._02_Login" time="7.615" errors="0" timestamp="2024-02-16T16:00:06 IST" skipped="0">
  <testcase classname="tutorials.demo._02_Login" name="LoginWithValidCredentials" time="4.442"/>
  <testcase classname="tutorials.demo._02_Login" name="LoginWithInvalidCredentials" time="3.173"/>
</testsuite> <!-- tutorials.demo._02_Login -->
