<?xml version="1.0" encoding="UTF-8"?>
<!-- Generated by org.testng.reporters.JUnitReportReporter -->
<testsuite hostname="RW-LAP-014" failures="0" tests="5" name="tutorials.demo._06_Annotations" time="19.098" errors="0" timestamp="2024-03-15T18:11:52 IST" skipped="0">
  <testcase classname="tutorials.demo._06_Annotations" name="loginwithvalidcredentials" time="3.669"/>
  <testcase classname="tutorials.demo._06_Annotations" name="loginwithInvalidemail" time="3.389"/>
  <testcase classname="tutorials.demo._06_Annotations" name="loginwithInvalidpassword" time="5.581"/>
  <testcase classname="tutorials.demo._06_Annotations" name="loginwithInvalidcredentials" time="3.274"/>
  <testcase classname="tutorials.demo._06_Annotations" name="loginwithoutvalidcredentials" time="3.185"/>
</testsuite> <!-- tutorials.demo._06_Annotations -->
