<?xml version="1.0" encoding="UTF-8"?>
<!-- Generated by org.testng.reporters.JUnitReportReporter -->
<testsuite hostname="RW-LAP-014" failures="0" tests="1" name="tutorials.demo._04_Assertions" time="5.788" errors="0" timestamp="2024-03-04T15:44:25 IST" skipped="0">
  <testcase classname="tutorials.demo._04_Assertions" name="sampleMethod" time="5.788"/>
</testsuite> <!-- tutorials.demo._04_Assertions -->
