<?xml version="1.0" encoding="UTF-8"?>
<!-- Generated by org.testng.reporters.JUnitReportReporter -->
<testsuite hostname="RW-LAP-014" failures="0" tests="3" name="tutorials.demo._08_Enabled_method" time="0.016" errors="0" timestamp="2024-03-28T16:03:35 IST" skipped="2">
  <testcase classname="tutorials.demo._08_Enabled_method" name="loginwithvalidcredentials" time="0.016"/>
  <testcase classname="tutorials.demo._08_Enabled_method" name="loginwithoutdcredentials">
    <skipped/>
  </testcase> <!-- loginwithoutdcredentials -->
  <testcase classname="tutorials.demo._08_Enabled_method" name="loginwithInvalidcredentials">
    <skipped/>
  </testcase> <!-- loginwithInvalidcredentials -->
</testsuite> <!-- tutorials.demo._08_Enabled_method -->
