<?xml version="1.0" encoding="UTF-8"?>
<!-- Generated by org.testng.reporters.JUnitReportReporter -->
<testsuite hostname="RW-LAP-014" failures="0" tests="5" name="tutorials.demo._06_Annotations" time="26.643" errors="0" timestamp="2024-03-19T11:26:12 IST" skipped="0">
  <testcase classname="tutorials.demo._06_Annotations" name="loginwithvalidcredentials" time="4.320"/>
  <testcase classname="tutorials.demo._06_Annotations" name="loginwithInvalidemail" time="10.222"/>
  <testcase classname="tutorials.demo._06_Annotations" name="loginwithInvalidpassword" time="3.569"/>
  <testcase classname="tutorials.demo._06_Annotations" name="loginwithInvalidcredentials" time="4.028"/>
  <testcase classname="tutorials.demo._06_Annotations" name="loginwithoutvalidcredentials" time="4.504"/>
</testsuite> <!-- tutorials.demo._06_Annotations -->
