<?xml version="1.0" encoding="UTF-8"?>
<!-- Generated by org.testng.reporters.JUnitReportReporter -->
<testsuite hostname="RW-LAP-014" failures="0" tests="3" name="Groups._03_Search" time="0.006" errors="0" timestamp="2024-04-04T15:25:22 IST" skipped="0">
  <testcase classname="Groups._03_Search" name="searchForValidProducts" time="0.002"/>
  <testcase classname="Groups._03_Search" name="searchForInValidProducts" time="0.001"/>
  <testcase classname="Groups._03_Search" name="searchWithoutAnyTerm" time="0.003"/>
</testsuite> <!-- Groups._03_Search -->
