<?xml version="1.0" encoding="UTF-8"?>
<!-- Generated by org.testng.reporters.JUnitReportReporter -->
<testsuite hostname="RW-LAP-014" failures="0" tests="1" name="tutorials.demo._01_TestNG_Class" time="0.017" errors="0" timestamp="2024-02-23T15:37:16 IST" skipped="0">
  <testcase classname="tutorials.demo._01_TestNG_Class" name="sample" time="0.017"/>
</testsuite> <!-- tutorials.demo._01_TestNG_Class -->
