<?xml version="1.0" encoding="UTF-8"?>
<!-- Generated by org.testng.reporters.JUnitReportReporter -->
<testsuite hostname="RW-LAP-014" failures="0" tests="2" name="tutorials.demo._02_Login" time="23.256" errors="0" timestamp="2024-02-23T15:37:16 IST" skipped="0">
  <testcase classname="tutorials.demo._02_Login" name="LoginWithValidCredentials" time="17.826"/>
  <testcase classname="tutorials.demo._02_Login" name="LoginWithInvalidCredentials" time="5.430"/>
</testsuite> <!-- tutorials.demo._02_Login -->
