<?xml version="1.0" encoding="UTF-8"?>
<!-- Generated by org.testng.reporters.JUnitReportReporter -->
<testsuite hostname="RW-LAP-014" failures="0" tests="2" name="Groups._02_Login" time="0.005" errors="0" timestamp="2024-04-03T16:53:42 IST" skipped="0">
  <testcase classname="Groups._02_Login" name="loginwithvalidcredentials" time="0.002"/>
  <testcase classname="Groups._02_Login" name="loginwithoutprovidingcredentials" time="0.003"/>
</testsuite> <!-- Groups._02_Login -->
