<?xml version="1.0" encoding="UTF-8"?>
<!-- Generated by org.testng.reporters.JUnitReportReporter -->
<testsuite hostname="RW-LAP-014" failures="0" tests="1" name="tutorials.demo._07_Parameters" time="5.030" errors="0" timestamp="2024-03-19T15:15:35 IST" skipped="0">
  <testcase classname="tutorials.demo._07_Parameters" name="test" time="5.030"/>
</testsuite> <!-- tutorials.demo._07_Parameters -->
