<?xml version="1.0" encoding="UTF-8"?>
<!-- Generated by org.testng.reporters.JUnitReportReporter -->
<testsuite hostname="RW-LAP-014" failures="0" tests="2" name="Groups._03_Search" time="0.009" errors="0" timestamp="2024-04-03T16:53:42 IST" skipped="0">
  <testcase classname="Groups._03_Search" name="searchForValidProducts" time="0.004"/>
  <testcase classname="Groups._03_Search" name="searchWithoutAnyTerm" time="0.005"/>
</testsuite> <!-- Groups._03_Search -->
