<?xml version="1.0" encoding="UTF-8"?>
<!-- Generated by org.testng.reporters.JUnitReportReporter -->
<testsuite hostname="RW-LAP-014" failures="0" tests="2" name="tutorials.demo._02_Login" time="9.274" errors="0" timestamp="2024-03-01T10:55:49 IST" skipped="0">
  <testcase classname="tutorials.demo._02_Login" name="LoginWithValidCredentials" time="5.831"/>
  <testcase classname="tutorials.demo._02_Login" name="LoginWithInvalidCredentials" time="3.443"/>
</testsuite> <!-- tutorials.demo._02_Login -->
