<?xml version="1.0" encoding="UTF-8"?>
<!-- Generated by org.testng.reporters.JUnitReportReporter -->
<testsuite hostname="RW-LAP-014" failures="0" tests="4" name="Groups._01_Register" time="0.033" errors="0" timestamp="2024-04-04T15:25:22 IST" skipped="0">
  <testcase classname="Groups._01_Register" name="registerByProvidingMandatoryFields" time="0.010"/>
  <testcase classname="Groups._01_Register" name="registerByProvidingAllFields" time="0.003"/>
  <testcase classname="Groups._01_Register" name="registerByNotProvidingAnyFields" time="0.004"/>
  <testcase classname="Groups._01_Register" name="registerByDuplicateEmail" time="0.016"/>
</testsuite> <!-- Groups._01_Register -->
