<?xml version="1.0" encoding="UTF-8"?>
<!-- Generated by org.testng.reporters.JUnitReportReporter -->
<testsuite hostname="RW-LAP-014" failures="0" tests="5" name="tutorials.demo._06_Annotations" time="13.741" errors="0" timestamp="2024-03-14T18:17:58 IST" skipped="0">
  <testcase classname="tutorials.demo._06_Annotations" name="loginwithvalidcredentials" time="3.677"/>
  <testcase classname="tutorials.demo._06_Annotations" name="loginwithInvalidemail" time="2.950"/>
  <testcase classname="tutorials.demo._06_Annotations" name="loginwithInvalidpassword" time="2.222"/>
  <testcase classname="tutorials.demo._06_Annotations" name="loginwithInvalidcredentials" time="2.521"/>
  <testcase classname="tutorials.demo._06_Annotations" name="loginwithoutvalidcredentials" time="2.371"/>
</testsuite> <!-- tutorials.demo._06_Annotations -->
