<?xml version="1.0" encoding="UTF-8"?>
<!-- Generated by org.testng.reporters.JUnitReportReporter -->
<testsuite hostname="RW-LAP-014" failures="0" tests="1" name="Groups._01_Register" time="0.021" errors="0" timestamp="2024-04-03T16:53:42 IST" skipped="0">
  <testcase classname="Groups._01_Register" name="registerByProvidingAllFields" time="0.021"/>
</testsuite> <!-- Groups._01_Register -->
