<?xml version="1.0" encoding="UTF-8"?>
<!-- Generated by org.testng.reporters.JUnitReportReporter -->
<testsuite hostname="RW-LAP-014" failures="0" tests="9" name="tutorials.demo._03_Priority_Attribute" time="0.022" errors="0" timestamp="2024-02-16T16:00:06 IST" skipped="0">
  <testcase classname="tutorials.demo._03_Priority_Attribute" name="Negative" time="0.001"/>
  <testcase classname="tutorials.demo._03_Priority_Attribute" name="demo" time="0.003"/>
  <testcase classname="tutorials.demo._03_Priority_Attribute" name="First" time="0.003"/>
  <testcase classname="tutorials.demo._03_Priority_Attribute" name="Second" time="0.003"/>
  <testcase classname="tutorials.demo._03_Priority_Attribute" name="Third" time="0.001"/>
  <testcase classname="tutorials.demo._03_Priority_Attribute" name="Fourth" time="0.001"/>
  <testcase classname="tutorials.demo._03_Priority_Attribute" name="Fifth" time="0.004"/>
  <testcase classname="tutorials.demo._03_Priority_Attribute" name="seventh" time="0.001"/>
  <testcase classname="tutorials.demo._03_Priority_Attribute" name="Eighth" time="0.005"/>
</testsuite> <!-- tutorials.demo._03_Priority_Attribute -->
